<?xml version="1.0" encoding="UTF-8"?>
<robot generator="Robot 6.0.2 (Python 3.11.4 on win32)" generated="20230711 21:10:54.113" rpa="false" schemaversion="3">
<suite id="s1" name="Testcases" source="C:\Users\nguye\OneDrive\Desktop\Chua bai tap July 8\BTVN\TC\Testcases.robot">
<test id="s1-t1" name="Check product in Tiki" line="5">
<kw name="Open browser with Chrome" library="Keywords">
<arg>${test_data.ULR_tiki}</arg>
<kw name="Open Browser" library="SeleniumLibrary">
<arg>${URL}</arg>
<arg>Chrome</arg>
<doc>Opens a new browser instance to the optional ``url``.</doc>
<msg timestamp="20230711 21:10:54.390" level="INFO">Opening browser 'Chrome' to base url 'https://tiki.vn/'.</msg>
<status status="PASS" starttime="20230711 21:10:54.390" endtime="20230711 21:10:59.659"/>
</kw>
<kw name="Maximize Browser Window" library="SeleniumLibrary">
<doc>Maximizes current browser window.</doc>
<status status="PASS" starttime="20230711 21:10:59.659" endtime="20230711 21:10:59.960"/>
</kw>
<status status="PASS" starttime="20230711 21:10:54.383" endtime="20230711 21:10:59.960"/>
</kw>
<kw name="Get all category names" library="Keywords">
<var>${list}</var>
<kw name="Replace String" library="String">
<var>${section_name}</var>
<arg>${dynamic_category_list}</arg>
<arg>_section_name</arg>
<arg>Nổi bật</arg>
<doc>Replaces ``search_for`` in the given ``string`` with ``replace_with``.</doc>
<msg timestamp="20230711 21:10:59.962" level="INFO">${section_name} = //div[text()="Nổi bật"]/parent::div//a</msg>
<status status="PASS" starttime="20230711 21:10:59.961" endtime="20230711 21:10:59.962"/>
</kw>
<kw name="Get WebElements" library="SeleniumLibrary">
<var>@{category_list}</var>
<arg>${section_name}</arg>
<doc>Returns a list of WebElement objects matching the ``locator``.</doc>
<msg timestamp="20230711 21:11:00.153" level="INFO">@{category_list} = [ &lt;selenium.webdriver.remote.webelement.WebElement (session="2ce07a45de9c17dc12280bd1eae52975", element="680E56ACB7F92E65F7709190D77CF71A_element_60")&gt; | &lt;selenium.webdriver.remote.webelement.WebEleme...</msg>
<status status="PASS" starttime="20230711 21:10:59.962" endtime="20230711 21:11:00.153"/>
</kw>
<kw name="Create List" library="BuiltIn">
<var>${list}</var>
<doc>Returns a list containing given items.</doc>
<msg timestamp="20230711 21:11:00.155" level="INFO">${list} = []</msg>
<status status="PASS" starttime="20230711 21:11:00.153" endtime="20230711 21:11:00.155"/>
</kw>
<for flavor="IN">
<var>${index}</var>
<value>@{category_list}</value>
<iter>
<var name="${index}">&lt;selenium.webdriver.remote.webelement.WebElement (session="2ce07a45de9c17dc12280bd1eae52975", element="680E56ACB7F92E65F7709190D77CF71A_element_60")&gt;</var>
<kw name="Get Text" library="SeleniumLibrary">
<var>${get_text}</var>
<arg>${index}</arg>
<doc>Returns the text value of the element identified by ``locator``.</doc>
<msg timestamp="20230711 21:11:00.223" level="INFO">${get_text} = Tiki ChatGPT</msg>
<status status="PASS" starttime="20230711 21:11:00.155" endtime="20230711 21:11:00.223"/>
</kw>
<kw name="Append To List" library="Collections">
<arg>${list}</arg>
<arg>${get_text}</arg>
<doc>Adds ``values`` to the end of ``list``.</doc>
<status status="PASS" starttime="20230711 21:11:00.223" endtime="20230711 21:11:00.223"/>
</kw>
<status status="PASS" starttime="20230711 21:11:00.155" endtime="20230711 21:11:00.223"/>
</iter>
<iter>
<var name="${index}">&lt;selenium.webdriver.remote.webelement.WebElement (session="2ce07a45de9c17dc12280bd1eae52975", element="680E56ACB7F92E65F7709190D77CF71A_element_51")&gt;</var>
<kw name="Get Text" library="SeleniumLibrary">
<var>${get_text}</var>
<arg>${index}</arg>
<doc>Returns the text value of the element identified by ``locator``.</doc>
<msg timestamp="20230711 21:11:00.263" level="INFO">${get_text} = Astra Reward</msg>
<status status="PASS" starttime="20230711 21:11:00.223" endtime="20230711 21:11:00.263"/>
</kw>
<kw name="Append To List" library="Collections">
<arg>${list}</arg>
<arg>${get_text}</arg>
<doc>Adds ``values`` to the end of ``list``.</doc>
<status status="PASS" starttime="20230711 21:11:00.263" endtime="20230711 21:11:00.268"/>
</kw>
<status status="PASS" starttime="20230711 21:11:00.223" endtime="20230711 21:11:00.268"/>
</iter>
<iter>
<var name="${index}">&lt;selenium.webdriver.remote.webelement.WebElement (session="2ce07a45de9c17dc12280bd1eae52975", element="680E56ACB7F92E65F7709190D77CF71A_element_52")&gt;</var>
<kw name="Get Text" library="SeleniumLibrary">
<var>${get_text}</var>
<arg>${index}</arg>
<doc>Returns the text value of the element identified by ``locator``.</doc>
<msg timestamp="20230711 21:11:00.284" level="INFO">${get_text} = Tiki Exchange</msg>
<status status="PASS" starttime="20230711 21:11:00.268" endtime="20230711 21:11:00.284"/>
</kw>
<kw name="Append To List" library="Collections">
<arg>${list}</arg>
<arg>${get_text}</arg>
<doc>Adds ``values`` to the end of ``list``.</doc>
<status status="PASS" starttime="20230711 21:11:00.284" endtime="20230711 21:11:00.284"/>
</kw>
<status status="PASS" starttime="20230711 21:11:00.268" endtime="20230711 21:11:00.284"/>
</iter>
<iter>
<var name="${index}">&lt;selenium.webdriver.remote.webelement.WebElement (session="2ce07a45de9c17dc12280bd1eae52975", element="680E56ACB7F92E65F7709190D77CF71A_element_53")&gt;</var>
<kw name="Get Text" library="SeleniumLibrary">
<var>${get_text}</var>
<arg>${index}</arg>
<doc>Returns the text value of the element identified by ``locator``.</doc>
<msg timestamp="20230711 21:11:00.293" level="INFO">${get_text} = Giá Rẻ Mỗi Ngày</msg>
<status status="PASS" starttime="20230711 21:11:00.284" endtime="20230711 21:11:00.293"/>
</kw>
<kw name="Append To List" library="Collections">
<arg>${list}</arg>
<arg>${get_text}</arg>
<doc>Adds ``values`` to the end of ``list``.</doc>
<status status="PASS" starttime="20230711 21:11:00.293" endtime="20230711 21:11:00.293"/>
</kw>
<status status="PASS" starttime="20230711 21:11:00.284" endtime="20230711 21:11:00.293"/>
</iter>
<iter>
<var name="${index}">&lt;selenium.webdriver.remote.webelement.WebElement (session="2ce07a45de9c17dc12280bd1eae52975", element="680E56ACB7F92E65F7709190D77CF71A_element_54")&gt;</var>
<kw name="Get Text" library="SeleniumLibrary">
<var>${get_text}</var>
<arg>${index}</arg>
<doc>Returns the text value of the element identified by ``locator``.</doc>
<msg timestamp="20230711 21:11:00.310" level="INFO">${get_text} = Xả kho</msg>
<status status="PASS" starttime="20230711 21:11:00.293" endtime="20230711 21:11:00.310"/>
</kw>
<kw name="Append To List" library="Collections">
<arg>${list}</arg>
<arg>${get_text}</arg>
<doc>Adds ``values`` to the end of ``list``.</doc>
<status status="PASS" starttime="20230711 21:11:00.310" endtime="20230711 21:11:00.310"/>
</kw>
<status status="PASS" starttime="20230711 21:11:00.293" endtime="20230711 21:11:00.310"/>
</iter>
<iter>
<var name="${index}">&lt;selenium.webdriver.remote.webelement.WebElement (session="2ce07a45de9c17dc12280bd1eae52975", element="680E56ACB7F92E65F7709190D77CF71A_element_55")&gt;</var>
<kw name="Get Text" library="SeleniumLibrary">
<var>${get_text}</var>
<arg>${index}</arg>
<doc>Returns the text value of the element identified by ``locator``.</doc>
<msg timestamp="20230711 21:11:00.326" level="INFO">${get_text} = Mã giảm giá</msg>
<status status="PASS" starttime="20230711 21:11:00.310" endtime="20230711 21:11:00.326"/>
</kw>
<kw name="Append To List" library="Collections">
<arg>${list}</arg>
<arg>${get_text}</arg>
<doc>Adds ``values`` to the end of ``list``.</doc>
<status status="PASS" starttime="20230711 21:11:00.326" endtime="20230711 21:11:00.326"/>
</kw>
<status status="PASS" starttime="20230711 21:11:00.310" endtime="20230711 21:11:00.326"/>
</iter>
<iter>
<var name="${index}">&lt;selenium.webdriver.remote.webelement.WebElement (session="2ce07a45de9c17dc12280bd1eae52975", element="680E56ACB7F92E65F7709190D77CF71A_element_56")&gt;</var>
<kw name="Get Text" library="SeleniumLibrary">
<var>${get_text}</var>
<arg>${index}</arg>
<doc>Returns the text value of the element identified by ``locator``.</doc>
<msg timestamp="20230711 21:11:00.341" level="INFO">${get_text} = Ưu đãi thẻ, ví</msg>
<status status="PASS" starttime="20230711 21:11:00.326" endtime="20230711 21:11:00.341"/>
</kw>
<kw name="Append To List" library="Collections">
<arg>${list}</arg>
<arg>${get_text}</arg>
<doc>Adds ``values`` to the end of ``list``.</doc>
<status status="PASS" starttime="20230711 21:11:00.341" endtime="20230711 21:11:00.341"/>
</kw>
<status status="PASS" starttime="20230711 21:11:00.326" endtime="20230711 21:11:00.341"/>
</iter>
<iter>
<var name="${index}">&lt;selenium.webdriver.remote.webelement.WebElement (session="2ce07a45de9c17dc12280bd1eae52975", element="680E56ACB7F92E65F7709190D77CF71A_element_57")&gt;</var>
<kw name="Get Text" library="SeleniumLibrary">
<var>${get_text}</var>
<arg>${index}</arg>
<doc>Returns the text value of the element identified by ``locator``.</doc>
<msg timestamp="20230711 21:11:00.353" level="INFO">${get_text} = Đóng tiền, nạp thẻ</msg>
<status status="PASS" starttime="20230711 21:11:00.341" endtime="20230711 21:11:00.353"/>
</kw>
<kw name="Append To List" library="Collections">
<arg>${list}</arg>
<arg>${get_text}</arg>
<doc>Adds ``values`` to the end of ``list``.</doc>
<status status="PASS" starttime="20230711 21:11:00.353" endtime="20230711 21:11:00.353"/>
</kw>
<status status="PASS" starttime="20230711 21:11:00.341" endtime="20230711 21:11:00.353"/>
</iter>
<iter>
<var name="${index}">&lt;selenium.webdriver.remote.webelement.WebElement (session="2ce07a45de9c17dc12280bd1eae52975", element="680E56ACB7F92E65F7709190D77CF71A_element_61")&gt;</var>
<kw name="Get Text" library="SeleniumLibrary">
<var>${get_text}</var>
<arg>${index}</arg>
<doc>Returns the text value of the element identified by ``locator``.</doc>
<msg timestamp="20230711 21:11:00.366" level="INFO">${get_text} = Mua trước trả sau</msg>
<status status="PASS" starttime="20230711 21:11:00.353" endtime="20230711 21:11:00.366"/>
</kw>
<kw name="Append To List" library="Collections">
<arg>${list}</arg>
<arg>${get_text}</arg>
<doc>Adds ``values`` to the end of ``list``.</doc>
<status status="PASS" starttime="20230711 21:11:00.366" endtime="20230711 21:11:00.366"/>
</kw>
<status status="PASS" starttime="20230711 21:11:00.353" endtime="20230711 21:11:00.366"/>
</iter>
<iter>
<var name="${index}">&lt;selenium.webdriver.remote.webelement.WebElement (session="2ce07a45de9c17dc12280bd1eae52975", element="680E56ACB7F92E65F7709190D77CF71A_element_62")&gt;</var>
<kw name="Get Text" library="SeleniumLibrary">
<var>${get_text}</var>
<arg>${index}</arg>
<doc>Returns the text value of the element identified by ``locator``.</doc>
<msg timestamp="20230711 21:11:00.373" level="INFO">${get_text} = Bảo hiểm Tiki360</msg>
<status status="PASS" starttime="20230711 21:11:00.366" endtime="20230711 21:11:00.373"/>
</kw>
<kw name="Append To List" library="Collections">
<arg>${list}</arg>
<arg>${get_text}</arg>
<doc>Adds ``values`` to the end of ``list``.</doc>
<status status="PASS" starttime="20230711 21:11:00.373" endtime="20230711 21:11:00.373"/>
</kw>
<status status="PASS" starttime="20230711 21:11:00.366" endtime="20230711 21:11:00.373"/>
</iter>
<status status="PASS" starttime="20230711 21:11:00.155" endtime="20230711 21:11:00.373"/>
</for>
<msg timestamp="20230711 21:11:00.373" level="INFO">${list} = ['Tiki ChatGPT', 'Astra Reward', 'Tiki Exchange', 'Giá Rẻ Mỗi Ngày', 'Xả kho', 'Mã giảm giá', 'Ưu đãi thẻ, ví', 'Đóng tiền, nạp thẻ', 'Mua trước trả sau', 'Bảo hiểm Tiki360']</msg>
<status status="PASS" starttime="20230711 21:10:59.961" endtime="20230711 21:11:00.373"/>
</kw>
<kw name="Verify that desired categoury should be in list" library="Keywords">
<arg>${list}</arg>
<arg>${testdata.expected_category}</arg>
<kw name="List Should Contain Value" library="Collections">
<arg>${list}</arg>
<arg>${desired_category}</arg>
<doc>Fails if the ``value`` is not found from ``list``.</doc>
<status status="PASS" starttime="20230711 21:11:00.373" endtime="20230711 21:11:00.373"/>
</kw>
<status status="PASS" starttime="20230711 21:11:00.373" endtime="20230711 21:11:00.373"/>
</kw>
<status status="PASS" starttime="20230711 21:10:54.383" endtime="20230711 21:11:00.373"/>
</test>
<status status="PASS" starttime="20230711 21:10:54.121" endtime="20230711 21:11:00.382"/>
</suite>
<statistics>
<total>
<stat pass="1" fail="0" skip="0">All Tests</stat>
</total>
<tag>
</tag>
<suite>
<stat pass="1" fail="0" skip="0" id="s1" name="Testcases">Testcases</stat>
</suite>
</statistics>
<errors>
</errors>
</robot>
